{"C:\\Users\\LS\\Desktop\\mern\\mern-jobify\\app.js": {"path":"C:\\Users\\LS\\Desktop\\mern\\mern-jobify\\app.js","statementMap":{"0":{"start":{"line":2,"column":12},"end":{"line":2,"column":21}},"1":{"start":{"line":4,"column":0},"end":{"line":4,"column":16}},"2":{"start":{"line":33,"column":0},"end":{"line":33,"column":24}},"3":{"start":{"line":34,"column":0},"end":{"line":34,"column":18}},"4":{"start":{"line":35,"column":0},"end":{"line":35,"column":15}},"5":{"start":{"line":36,"column":0},"end":{"line":36,"column":25}},"6":{"start":{"line":37,"column":0},"end":{"line":37,"column":23}},"7":{"start":{"line":39,"column":0},"end":{"line":39,"column":36}},"8":{"start":{"line":40,"column":0},"end":{"line":40,"column":54}},"9":{"start":{"line":43,"column":0},"end":{"line":45,"column":3}},"10":{"start":{"line":44,"column":2},"end":{"line":44,"column":72}},"11":{"start":{"line":48,"column":0},"end":{"line":48,"column":28}},"12":{"start":{"line":49,"column":0},"end":{"line":49,"column":32}}},"fnMap":{"0":{"name":"(anonymous_0)","decl":{"start":{"line":43,"column":13},"end":{"line":43,"column":14}},"loc":{"start":{"line":43,"column":27},"end":{"line":45,"column":1}},"line":43}},"branchMap":{},"s":{"0":1,"1":1,"2":1,"3":1,"4":1,"5":1,"6":1,"7":1,"8":1,"9":1,"10":0,"11":1,"12":1},"f":{"0":0},"b":{},"_coverageSchema":"1a1c01bbd47fc00a2c39e90264f33305004495a9","hash":"3ec823b010a2297e1b1a709bf1123f34c80d91d4"}
,"C:\\Users\\LS\\Desktop\\mern\\mern-jobify\\controllers\\authController.js": {"path":"C:\\Users\\LS\\Desktop\\mern\\mern-jobify\\controllers\\authController.js","statementMap":{"0":{"start":{"line":11,"column":21},"end":{"line":35,"column":1}},"1":{"start":{"line":12,"column":36},"end":{"line":12,"column":44}},"2":{"start":{"line":13,"column":2},"end":{"line":15,"column":3}},"3":{"start":{"line":14,"column":4},"end":{"line":14,"column":59}},"4":{"start":{"line":17,"column":15},"end":{"line":17,"column":41}},"5":{"start":{"line":19,"column":16},"end":{"line":23,"column":3}},"6":{"start":{"line":25,"column":2},"end":{"line":34,"column":5}},"7":{"start":{"line":38,"column":18},"end":{"line":59,"column":1}},"8":{"start":{"line":39,"column":30},"end":{"line":39,"column":38}},"9":{"start":{"line":40,"column":2},"end":{"line":42,"column":3}},"10":{"start":{"line":41,"column":4},"end":{"line":41,"column":59}},"11":{"start":{"line":43,"column":15},"end":{"line":43,"column":46}},"12":{"start":{"line":44,"column":2},"end":{"line":46,"column":3}},"13":{"start":{"line":45,"column":4},"end":{"line":45,"column":58}},"14":{"start":{"line":48,"column":28},"end":{"line":48,"column":74}},"15":{"start":{"line":49,"column":2},"end":{"line":51,"column":3}},"16":{"start":{"line":50,"column":4},"end":{"line":50,"column":58}},"17":{"start":{"line":52,"column":16},"end":{"line":56,"column":3}},"18":{"start":{"line":57,"column":2},"end":{"line":57,"column":28}},"19":{"start":{"line":58,"column":2},"end":{"line":58,"column":76}},"20":{"start":{"line":62,"column":23},"end":{"line":84,"column":1}},"21":{"start":{"line":63,"column":46},"end":{"line":63,"column":54}},"22":{"start":{"line":64,"column":2},"end":{"line":66,"column":3}},"23":{"start":{"line":65,"column":4},"end":{"line":65,"column":59}},"24":{"start":{"line":68,"column":15},"end":{"line":68,"column":59}},"25":{"start":{"line":69,"column":2},"end":{"line":71,"column":3}},"26":{"start":{"line":70,"column":4},"end":{"line":70,"column":47}},"27":{"start":{"line":72,"column":2},"end":{"line":72,"column":21}},"28":{"start":{"line":73,"column":2},"end":{"line":73,"column":19}},"29":{"start":{"line":74,"column":2},"end":{"line":74,"column":27}},"30":{"start":{"line":75,"column":2},"end":{"line":75,"column":27}},"31":{"start":{"line":77,"column":2},"end":{"line":77,"column":20}},"32":{"start":{"line":78,"column":16},"end":{"line":82,"column":3}},"33":{"start":{"line":83,"column":2},"end":{"line":83,"column":76}}},"fnMap":{"0":{"name":"(anonymous_0)","decl":{"start":{"line":11,"column":21},"end":{"line":11,"column":22}},"loc":{"start":{"line":11,"column":41},"end":{"line":35,"column":1}},"line":11},"1":{"name":"(anonymous_1)","decl":{"start":{"line":38,"column":18},"end":{"line":38,"column":19}},"loc":{"start":{"line":38,"column":38},"end":{"line":59,"column":1}},"line":38},"2":{"name":"(anonymous_2)","decl":{"start":{"line":62,"column":23},"end":{"line":62,"column":24}},"loc":{"start":{"line":62,"column":43},"end":{"line":84,"column":1}},"line":62}},"branchMap":{"0":{"loc":{"start":{"line":13,"column":2},"end":{"line":15,"column":3}},"type":"if","locations":[{"start":{"line":13,"column":2},"end":{"line":15,"column":3}},{"start":{},"end":{}}],"line":13},"1":{"loc":{"start":{"line":13,"column":6},"end":{"line":13,"column":34}},"type":"binary-expr","locations":[{"start":{"line":13,"column":6},"end":{"line":13,"column":11}},{"start":{"line":13,"column":15},"end":{"line":13,"column":21}},{"start":{"line":13,"column":25},"end":{"line":13,"column":34}}],"line":13},"2":{"loc":{"start":{"line":40,"column":2},"end":{"line":42,"column":3}},"type":"if","locations":[{"start":{"line":40,"column":2},"end":{"line":42,"column":3}},{"start":{},"end":{}}],"line":40},"3":{"loc":{"start":{"line":40,"column":6},"end":{"line":40,"column":25}},"type":"binary-expr","locations":[{"start":{"line":40,"column":6},"end":{"line":40,"column":12}},{"start":{"line":40,"column":16},"end":{"line":40,"column":25}}],"line":40},"4":{"loc":{"start":{"line":44,"column":2},"end":{"line":46,"column":3}},"type":"if","locations":[{"start":{"line":44,"column":2},"end":{"line":46,"column":3}},{"start":{},"end":{}}],"line":44},"5":{"loc":{"start":{"line":49,"column":2},"end":{"line":51,"column":3}},"type":"if","locations":[{"start":{"line":49,"column":2},"end":{"line":51,"column":3}},{"start":{},"end":{}}],"line":49},"6":{"loc":{"start":{"line":64,"column":2},"end":{"line":66,"column":3}},"type":"if","locations":[{"start":{"line":64,"column":2},"end":{"line":66,"column":3}},{"start":{},"end":{}}],"line":64},"7":{"loc":{"start":{"line":64,"column":6},"end":{"line":64,"column":47}},"type":"binary-expr","locations":[{"start":{"line":64,"column":6},"end":{"line":64,"column":12}},{"start":{"line":64,"column":16},"end":{"line":64,"column":21}},{"start":{"line":64,"column":25},"end":{"line":64,"column":34}},{"start":{"line":64,"column":38},"end":{"line":64,"column":47}}],"line":64},"8":{"loc":{"start":{"line":69,"column":2},"end":{"line":71,"column":3}},"type":"if","locations":[{"start":{"line":69,"column":2},"end":{"line":71,"column":3}},{"start":{},"end":{}}],"line":69}},"s":{"0":1,"1":1,"2":1,"3":0,"4":1,"5":1,"6":1,"7":1,"8":1,"9":1,"10":0,"11":1,"12":1,"13":0,"14":1,"15":1,"16":0,"17":1,"18":1,"19":1,"20":1,"21":0,"22":0,"23":0,"24":0,"25":0,"26":0,"27":0,"28":0,"29":0,"30":0,"31":0,"32":0,"33":0},"f":{"0":1,"1":1,"2":0},"b":{"0":[0,1],"1":[1,1,1],"2":[0,1],"3":[1,1],"4":[0,1],"5":[0,1],"6":[0,0],"7":[0,0,0,0],"8":[0,0]},"_coverageSchema":"1a1c01bbd47fc00a2c39e90264f33305004495a9","hash":"ccf3b4497b05b747defee009a08bc7cb2285a8ac"}
}
