{"C:\\Users\\LS\\Desktop\\mern\\mern-jobify\\app.js": {"path":"C:\\Users\\LS\\Desktop\\mern\\mern-jobify\\app.js","statementMap":{"0":{"start":{"line":2,"column":12},"end":{"line":2,"column":21}},"1":{"start":{"line":4,"column":0},"end":{"line":4,"column":16}},"2":{"start":{"line":33,"column":0},"end":{"line":33,"column":24}},"3":{"start":{"line":34,"column":0},"end":{"line":34,"column":18}},"4":{"start":{"line":35,"column":0},"end":{"line":35,"column":15}},"5":{"start":{"line":36,"column":0},"end":{"line":36,"column":25}},"6":{"start":{"line":37,"column":0},"end":{"line":37,"column":23}},"7":{"start":{"line":39,"column":0},"end":{"line":39,"column":36}},"8":{"start":{"line":40,"column":0},"end":{"line":40,"column":54}},"9":{"start":{"line":43,"column":0},"end":{"line":45,"column":3}},"10":{"start":{"line":44,"column":2},"end":{"line":44,"column":72}},"11":{"start":{"line":48,"column":0},"end":{"line":48,"column":28}},"12":{"start":{"line":49,"column":0},"end":{"line":49,"column":32}}},"fnMap":{"0":{"name":"(anonymous_0)","decl":{"start":{"line":43,"column":13},"end":{"line":43,"column":14}},"loc":{"start":{"line":43,"column":27},"end":{"line":45,"column":1}},"line":43}},"branchMap":{},"s":{"0":1,"1":1,"2":1,"3":1,"4":1,"5":1,"6":1,"7":1,"8":1,"9":1,"10":0,"11":1,"12":1},"f":{"0":0},"b":{},"_coverageSchema":"1a1c01bbd47fc00a2c39e90264f33305004495a9","hash":"3ec823b010a2297e1b1a709bf1123f34c80d91d4"}
,"C:\\Users\\LS\\Desktop\\mern\\mern-jobify\\controllers\\authController.js": {"path":"C:\\Users\\LS\\Desktop\\mern\\mern-jobify\\controllers\\authController.js","statementMap":{"0":{"start":{"line":10,"column":21},"end":{"line":30,"column":1}},"1":{"start":{"line":11,"column":36},"end":{"line":11,"column":44}},"2":{"start":{"line":12,"column":2},"end":{"line":14,"column":3}},"3":{"start":{"line":13,"column":4},"end":{"line":13,"column":59}},"4":{"start":{"line":16,"column":15},"end":{"line":16,"column":41}},"5":{"start":{"line":18,"column":16},"end":{"line":18,"column":32}},"6":{"start":{"line":19,"column":2},"end":{"line":19,"column":27}},"7":{"start":{"line":20,"column":2},"end":{"line":29,"column":5}},"8":{"start":{"line":33,"column":18},"end":{"line":50,"column":1}},"9":{"start":{"line":34,"column":30},"end":{"line":34,"column":38}},"10":{"start":{"line":35,"column":2},"end":{"line":37,"column":3}},"11":{"start":{"line":36,"column":4},"end":{"line":36,"column":59}},"12":{"start":{"line":38,"column":15},"end":{"line":38,"column":46}},"13":{"start":{"line":39,"column":2},"end":{"line":41,"column":3}},"14":{"start":{"line":40,"column":4},"end":{"line":40,"column":58}},"15":{"start":{"line":43,"column":28},"end":{"line":43,"column":64}},"16":{"start":{"line":44,"column":2},"end":{"line":46,"column":3}},"17":{"start":{"line":45,"column":4},"end":{"line":45,"column":58}},"18":{"start":{"line":47,"column":16},"end":{"line":47,"column":32}},"19":{"start":{"line":48,"column":2},"end":{"line":48,"column":28}},"20":{"start":{"line":49,"column":2},"end":{"line":49,"column":76}},"21":{"start":{"line":53,"column":23},"end":{"line":71,"column":1}},"22":{"start":{"line":54,"column":46},"end":{"line":54,"column":54}},"23":{"start":{"line":55,"column":2},"end":{"line":57,"column":3}},"24":{"start":{"line":56,"column":4},"end":{"line":56,"column":59}},"25":{"start":{"line":59,"column":15},"end":{"line":59,"column":59}},"26":{"start":{"line":60,"column":2},"end":{"line":62,"column":3}},"27":{"start":{"line":61,"column":4},"end":{"line":61,"column":47}},"28":{"start":{"line":63,"column":2},"end":{"line":63,"column":21}},"29":{"start":{"line":64,"column":2},"end":{"line":64,"column":19}},"30":{"start":{"line":65,"column":2},"end":{"line":65,"column":27}},"31":{"start":{"line":66,"column":2},"end":{"line":66,"column":27}},"32":{"start":{"line":68,"column":2},"end":{"line":68,"column":20}},"33":{"start":{"line":69,"column":16},"end":{"line":69,"column":32}},"34":{"start":{"line":70,"column":2},"end":{"line":70,"column":76}}},"fnMap":{"0":{"name":"(anonymous_0)","decl":{"start":{"line":10,"column":21},"end":{"line":10,"column":22}},"loc":{"start":{"line":10,"column":41},"end":{"line":30,"column":1}},"line":10},"1":{"name":"(anonymous_1)","decl":{"start":{"line":33,"column":18},"end":{"line":33,"column":19}},"loc":{"start":{"line":33,"column":38},"end":{"line":50,"column":1}},"line":33},"2":{"name":"(anonymous_2)","decl":{"start":{"line":53,"column":23},"end":{"line":53,"column":24}},"loc":{"start":{"line":53,"column":43},"end":{"line":71,"column":1}},"line":53}},"branchMap":{"0":{"loc":{"start":{"line":12,"column":2},"end":{"line":14,"column":3}},"type":"if","locations":[{"start":{"line":12,"column":2},"end":{"line":14,"column":3}},{"start":{},"end":{}}],"line":12},"1":{"loc":{"start":{"line":12,"column":6},"end":{"line":12,"column":34}},"type":"binary-expr","locations":[{"start":{"line":12,"column":6},"end":{"line":12,"column":11}},{"start":{"line":12,"column":15},"end":{"line":12,"column":21}},{"start":{"line":12,"column":25},"end":{"line":12,"column":34}}],"line":12},"2":{"loc":{"start":{"line":35,"column":2},"end":{"line":37,"column":3}},"type":"if","locations":[{"start":{"line":35,"column":2},"end":{"line":37,"column":3}},{"start":{},"end":{}}],"line":35},"3":{"loc":{"start":{"line":35,"column":6},"end":{"line":35,"column":25}},"type":"binary-expr","locations":[{"start":{"line":35,"column":6},"end":{"line":35,"column":12}},{"start":{"line":35,"column":16},"end":{"line":35,"column":25}}],"line":35},"4":{"loc":{"start":{"line":39,"column":2},"end":{"line":41,"column":3}},"type":"if","locations":[{"start":{"line":39,"column":2},"end":{"line":41,"column":3}},{"start":{},"end":{}}],"line":39},"5":{"loc":{"start":{"line":44,"column":2},"end":{"line":46,"column":3}},"type":"if","locations":[{"start":{"line":44,"column":2},"end":{"line":46,"column":3}},{"start":{},"end":{}}],"line":44},"6":{"loc":{"start":{"line":55,"column":2},"end":{"line":57,"column":3}},"type":"if","locations":[{"start":{"line":55,"column":2},"end":{"line":57,"column":3}},{"start":{},"end":{}}],"line":55},"7":{"loc":{"start":{"line":55,"column":6},"end":{"line":55,"column":47}},"type":"binary-expr","locations":[{"start":{"line":55,"column":6},"end":{"line":55,"column":12}},{"start":{"line":55,"column":16},"end":{"line":55,"column":21}},{"start":{"line":55,"column":25},"end":{"line":55,"column":34}},{"start":{"line":55,"column":38},"end":{"line":55,"column":47}}],"line":55},"8":{"loc":{"start":{"line":60,"column":2},"end":{"line":62,"column":3}},"type":"if","locations":[{"start":{"line":60,"column":2},"end":{"line":62,"column":3}},{"start":{},"end":{}}],"line":60}},"s":{"0":1,"1":1,"2":1,"3":0,"4":1,"5":1,"6":0,"7":0,"8":1,"9":1,"10":1,"11":0,"12":1,"13":1,"14":0,"15":1,"16":0,"17":0,"18":0,"19":0,"20":0,"21":1,"22":0,"23":0,"24":0,"25":0,"26":0,"27":0,"28":0,"29":0,"30":0,"31":0,"32":0,"33":0,"34":0},"f":{"0":1,"1":1,"2":0},"b":{"0":[0,1],"1":[1,1,1],"2":[0,1],"3":[1,1],"4":[0,1],"5":[0,0],"6":[0,0],"7":[0,0,0,0],"8":[0,0]},"_coverageSchema":"1a1c01bbd47fc00a2c39e90264f33305004495a9","hash":"1e6a5027fb880f266ee9cec5a255bb6cde5b0ee9"}
,"C:\\Users\\LS\\Desktop\\mern\\mern-jobify\\controllers\\jobsController.js": {"path":"C:\\Users\\LS\\Desktop\\mern\\mern-jobify\\controllers\\jobsController.js","statementMap":{"0":{"start":{"line":12,"column":18},"end":{"line":22,"column":1}},"1":{"start":{"line":13,"column":2},"end":{"line":13,"column":26}},"2":{"start":{"line":14,"column":32},"end":{"line":14,"column":40}},"3":{"start":{"line":16,"column":2},"end":{"line":18,"column":3}},"4":{"start":{"line":17,"column":4},"end":{"line":17,"column":59}},"5":{"start":{"line":19,"column":2},"end":{"line":19,"column":39}},"6":{"start":{"line":20,"column":14},"end":{"line":20,"column":40}},"7":{"start":{"line":21,"column":2},"end":{"line":21,"column":48}},"8":{"start":{"line":23,"column":19},"end":{"line":71,"column":1}},"9":{"start":{"line":24,"column":44},"end":{"line":24,"column":53}},"10":{"start":{"line":26,"column":22},"end":{"line":28,"column":3}},"11":{"start":{"line":31,"column":2},"end":{"line":33,"column":3}},"12":{"start":{"line":32,"column":4},"end":{"line":32,"column":32}},"13":{"start":{"line":34,"column":2},"end":{"line":36,"column":3}},"14":{"start":{"line":35,"column":4},"end":{"line":35,"column":34}},"15":{"start":{"line":37,"column":2},"end":{"line":39,"column":3}},"16":{"start":{"line":38,"column":4},"end":{"line":38,"column":61}},"17":{"start":{"line":42,"column":15},"end":{"line":42,"column":36}},"18":{"start":{"line":45,"column":2},"end":{"line":47,"column":3}},"19":{"start":{"line":46,"column":4},"end":{"line":46,"column":39}},"20":{"start":{"line":48,"column":2},"end":{"line":50,"column":3}},"21":{"start":{"line":49,"column":4},"end":{"line":49,"column":38}},"22":{"start":{"line":51,"column":2},"end":{"line":53,"column":3}},"23":{"start":{"line":52,"column":4},"end":{"line":52,"column":37}},"24":{"start":{"line":54,"column":2},"end":{"line":56,"column":3}},"25":{"start":{"line":55,"column":4},"end":{"line":55,"column":38}},"26":{"start":{"line":59,"column":15},"end":{"line":59,"column":42}},"27":{"start":{"line":60,"column":16},"end":{"line":60,"column":45}},"28":{"start":{"line":61,"column":15},"end":{"line":61,"column":33}},"29":{"start":{"line":63,"column":2},"end":{"line":63,"column":41}},"30":{"start":{"line":65,"column":15},"end":{"line":65,"column":27}},"31":{"start":{"line":67,"column":20},"end":{"line":67,"column":57}},"32":{"start":{"line":68,"column":21},"end":{"line":68,"column":49}},"33":{"start":{"line":70,"column":2},"end":{"line":70,"column":67}},"34":{"start":{"line":72,"column":18},"end":{"line":94,"column":1}},"35":{"start":{"line":73,"column":24},"end":{"line":73,"column":34}},"36":{"start":{"line":74,"column":32},"end":{"line":74,"column":40}},"37":{"start":{"line":76,"column":2},"end":{"line":78,"column":3}},"38":{"start":{"line":77,"column":4},"end":{"line":77,"column":59}},"39":{"start":{"line":79,"column":14},"end":{"line":79,"column":47}},"40":{"start":{"line":81,"column":2},"end":{"line":83,"column":3}},"41":{"start":{"line":82,"column":4},"end":{"line":82,"column":56}},"42":{"start":{"line":86,"column":2},"end":{"line":86,"column":44}},"43":{"start":{"line":88,"column":21},"end":{"line":91,"column":4}},"44":{"start":{"line":93,"column":2},"end":{"line":93,"column":50}},"45":{"start":{"line":95,"column":18},"end":{"line":109,"column":1}},"46":{"start":{"line":96,"column":24},"end":{"line":96,"column":34}},"47":{"start":{"line":98,"column":14},"end":{"line":98,"column":47}},"48":{"start":{"line":100,"column":2},"end":{"line":102,"column":3}},"49":{"start":{"line":101,"column":4},"end":{"line":101,"column":56}},"50":{"start":{"line":104,"column":2},"end":{"line":104,"column":44}},"51":{"start":{"line":106,"column":2},"end":{"line":106,"column":21}},"52":{"start":{"line":108,"column":2},"end":{"line":108,"column":67}},"53":{"start":{"line":111,"column":18},"end":{"line":168,"column":1}},"54":{"start":{"line":112,"column":2},"end":{"line":112,"column":32}},"55":{"start":{"line":113,"column":14},"end":{"line":116,"column":4}},"56":{"start":{"line":118,"column":2},"end":{"line":122,"column":7}},"57":{"start":{"line":119,"column":32},"end":{"line":119,"column":36}},"58":{"start":{"line":120,"column":4},"end":{"line":120,"column":22}},"59":{"start":{"line":121,"column":4},"end":{"line":121,"column":14}},"60":{"start":{"line":123,"column":23},"end":{"line":127,"column":3}},"61":{"start":{"line":128,"column":28},"end":{"line":152,"column":4}},"62":{"start":{"line":153,"column":2},"end":{"line":166,"column":12}},"63":{"start":{"line":158,"column":8},"end":{"line":158,"column":12}},"64":{"start":{"line":160,"column":17},"end":{"line":163,"column":22}},"65":{"start":{"line":164,"column":4},"end":{"line":164,"column":26}},"66":{"start":{"line":167,"column":2},"end":{"line":167,"column":73}}},"fnMap":{"0":{"name":"(anonymous_0)","decl":{"start":{"line":12,"column":18},"end":{"line":12,"column":19}},"loc":{"start":{"line":12,"column":38},"end":{"line":22,"column":1}},"line":12},"1":{"name":"(anonymous_1)","decl":{"start":{"line":23,"column":19},"end":{"line":23,"column":20}},"loc":{"start":{"line":23,"column":39},"end":{"line":71,"column":1}},"line":23},"2":{"name":"(anonymous_2)","decl":{"start":{"line":72,"column":18},"end":{"line":72,"column":19}},"loc":{"start":{"line":72,"column":38},"end":{"line":94,"column":1}},"line":72},"3":{"name":"(anonymous_3)","decl":{"start":{"line":95,"column":18},"end":{"line":95,"column":19}},"loc":{"start":{"line":95,"column":38},"end":{"line":109,"column":1}},"line":95},"4":{"name":"(anonymous_4)","decl":{"start":{"line":111,"column":18},"end":{"line":111,"column":19}},"loc":{"start":{"line":111,"column":38},"end":{"line":168,"column":1}},"line":111},"5":{"name":"(anonymous_5)","decl":{"start":{"line":118,"column":23},"end":{"line":118,"column":24}},"loc":{"start":{"line":118,"column":37},"end":{"line":122,"column":3}},"line":118},"6":{"name":"(anonymous_6)","decl":{"start":{"line":154,"column":7},"end":{"line":154,"column":8}},"loc":{"start":{"line":154,"column":17},"end":{"line":165,"column":3}},"line":154}},"branchMap":{"0":{"loc":{"start":{"line":16,"column":2},"end":{"line":18,"column":3}},"type":"if","locations":[{"start":{"line":16,"column":2},"end":{"line":18,"column":3}},{"start":{},"end":{}}],"line":16},"1":{"loc":{"start":{"line":16,"column":6},"end":{"line":16,"column":27}},"type":"binary-expr","locations":[{"start":{"line":16,"column":6},"end":{"line":16,"column":15}},{"start":{"line":16,"column":19},"end":{"line":16,"column":27}}],"line":16},"2":{"loc":{"start":{"line":31,"column":2},"end":{"line":33,"column":3}},"type":"if","locations":[{"start":{"line":31,"column":2},"end":{"line":33,"column":3}},{"start":{},"end":{}}],"line":31},"3":{"loc":{"start":{"line":31,"column":6},"end":{"line":31,"column":32}},"type":"binary-expr","locations":[{"start":{"line":31,"column":6},"end":{"line":31,"column":12}},{"start":{"line":31,"column":16},"end":{"line":31,"column":32}}],"line":31},"4":{"loc":{"start":{"line":34,"column":2},"end":{"line":36,"column":3}},"type":"if","locations":[{"start":{"line":34,"column":2},"end":{"line":36,"column":3}},{"start":{},"end":{}}],"line":34},"5":{"loc":{"start":{"line":34,"column":6},"end":{"line":34,"column":34}},"type":"binary-expr","locations":[{"start":{"line":34,"column":6},"end":{"line":34,"column":13}},{"start":{"line":34,"column":17},"end":{"line":34,"column":34}}],"line":34},"6":{"loc":{"start":{"line":37,"column":2},"end":{"line":39,"column":3}},"type":"if","locations":[{"start":{"line":37,"column":2},"end":{"line":39,"column":3}},{"start":{},"end":{}}],"line":37},"7":{"loc":{"start":{"line":45,"column":2},"end":{"line":47,"column":3}},"type":"if","locations":[{"start":{"line":45,"column":2},"end":{"line":47,"column":3}},{"start":{},"end":{}}],"line":45},"8":{"loc":{"start":{"line":48,"column":2},"end":{"line":50,"column":3}},"type":"if","locations":[{"start":{"line":48,"column":2},"end":{"line":50,"column":3}},{"start":{},"end":{}}],"line":48},"9":{"loc":{"start":{"line":51,"column":2},"end":{"line":53,"column":3}},"type":"if","locations":[{"start":{"line":51,"column":2},"end":{"line":53,"column":3}},{"start":{},"end":{}}],"line":51},"10":{"loc":{"start":{"line":54,"column":2},"end":{"line":56,"column":3}},"type":"if","locations":[{"start":{"line":54,"column":2},"end":{"line":56,"column":3}},{"start":{},"end":{}}],"line":54},"11":{"loc":{"start":{"line":59,"column":15},"end":{"line":59,"column":42}},"type":"binary-expr","locations":[{"start":{"line":59,"column":15},"end":{"line":59,"column":37}},{"start":{"line":59,"column":41},"end":{"line":59,"column":42}}],"line":59},"12":{"loc":{"start":{"line":60,"column":16},"end":{"line":60,"column":45}},"type":"binary-expr","locations":[{"start":{"line":60,"column":16},"end":{"line":60,"column":39}},{"start":{"line":60,"column":43},"end":{"line":60,"column":45}}],"line":60},"13":{"loc":{"start":{"line":76,"column":2},"end":{"line":78,"column":3}},"type":"if","locations":[{"start":{"line":76,"column":2},"end":{"line":78,"column":3}},{"start":{},"end":{}}],"line":76},"14":{"loc":{"start":{"line":76,"column":6},"end":{"line":76,"column":27}},"type":"binary-expr","locations":[{"start":{"line":76,"column":6},"end":{"line":76,"column":15}},{"start":{"line":76,"column":19},"end":{"line":76,"column":27}}],"line":76},"15":{"loc":{"start":{"line":81,"column":2},"end":{"line":83,"column":3}},"type":"if","locations":[{"start":{"line":81,"column":2},"end":{"line":83,"column":3}},{"start":{},"end":{}}],"line":81},"16":{"loc":{"start":{"line":100,"column":2},"end":{"line":102,"column":3}},"type":"if","locations":[{"start":{"line":100,"column":2},"end":{"line":102,"column":3}},{"start":{},"end":{}}],"line":100},"17":{"loc":{"start":{"line":124,"column":13},"end":{"line":124,"column":31}},"type":"binary-expr","locations":[{"start":{"line":124,"column":13},"end":{"line":124,"column":26}},{"start":{"line":124,"column":30},"end":{"line":124,"column":31}}],"line":124},"18":{"loc":{"start":{"line":125,"column":15},"end":{"line":125,"column":35}},"type":"binary-expr","locations":[{"start":{"line":125,"column":15},"end":{"line":125,"column":30}},{"start":{"line":125,"column":34},"end":{"line":125,"column":35}}],"line":125},"19":{"loc":{"start":{"line":126,"column":14},"end":{"line":126,"column":33}},"type":"binary-expr","locations":[{"start":{"line":126,"column":14},"end":{"line":126,"column":28}},{"start":{"line":126,"column":32},"end":{"line":126,"column":33}}],"line":126}},"s":{"0":1,"1":0,"2":0,"3":0,"4":0,"5":0,"6":0,"7":0,"8":1,"9":0,"10":0,"11":0,"12":0,"13":0,"14":0,"15":0,"16":0,"17":0,"18":0,"19":0,"20":0,"21":0,"22":0,"23":0,"24":0,"25":0,"26":0,"27":0,"28":0,"29":0,"30":0,"31":0,"32":0,"33":0,"34":1,"35":0,"36":0,"37":0,"38":0,"39":0,"40":0,"41":0,"42":0,"43":0,"44":0,"45":1,"46":0,"47":0,"48":0,"49":0,"50":0,"51":0,"52":0,"53":1,"54":0,"55":0,"56":0,"57":0,"58":0,"59":0,"60":0,"61":0,"62":0,"63":0,"64":0,"65":0,"66":0},"f":{"0":0,"1":0,"2":0,"3":0,"4":0,"5":0,"6":0},"b":{"0":[0,0],"1":[0,0],"2":[0,0],"3":[0,0],"4":[0,0],"5":[0,0],"6":[0,0],"7":[0,0],"8":[0,0],"9":[0,0],"10":[0,0],"11":[0,0],"12":[0,0],"13":[0,0],"14":[0,0],"15":[0,0],"16":[0,0],"17":[0,0],"18":[0,0],"19":[0,0]},"_coverageSchema":"1a1c01bbd47fc00a2c39e90264f33305004495a9","hash":"f4d56f52fc7194b314475ecb1d2b05f6f1cc5d2e"}
,"C:\\Users\\LS\\Desktop\\mern\\mern-jobify\\errors\\bad-request.js": {"path":"C:\\Users\\LS\\Desktop\\mern\\mern-jobify\\errors\\bad-request.js","statementMap":{"0":{"start":{"line":6,"column":4},"end":{"line":6,"column":18}},"1":{"start":{"line":7,"column":4},"end":{"line":7,"column":45}}},"fnMap":{"0":{"name":"(anonymous_0)","decl":{"start":{"line":5,"column":2},"end":{"line":5,"column":3}},"loc":{"start":{"line":5,"column":23},"end":{"line":8,"column":3}},"line":5}},"branchMap":{},"s":{"0":0,"1":0},"f":{"0":0},"b":{},"_coverageSchema":"1a1c01bbd47fc00a2c39e90264f33305004495a9","hash":"cc379cf39bde0b1a56f305a1f1dd0ad5c4ee4164"}
,"C:\\Users\\LS\\Desktop\\mern\\mern-jobify\\errors\\custom-api.js": {"path":"C:\\Users\\LS\\Desktop\\mern\\mern-jobify\\errors\\custom-api.js","statementMap":{"0":{"start":{"line":3,"column":4},"end":{"line":3,"column":18}}},"fnMap":{"0":{"name":"(anonymous_0)","decl":{"start":{"line":2,"column":2},"end":{"line":2,"column":3}},"loc":{"start":{"line":2,"column":23},"end":{"line":4,"column":3}},"line":2}},"branchMap":{},"s":{"0":0},"f":{"0":0},"b":{},"_coverageSchema":"1a1c01bbd47fc00a2c39e90264f33305004495a9","hash":"49b813d9004ae67ea2bd350b63d458792b811054"}
,"C:\\Users\\LS\\Desktop\\mern\\mern-jobify\\errors\\index.js": {"path":"C:\\Users\\LS\\Desktop\\mern\\mern-jobify\\errors\\index.js","statementMap":{},"fnMap":{},"branchMap":{},"s":{},"f":{},"b":{},"_coverageSchema":"1a1c01bbd47fc00a2c39e90264f33305004495a9","hash":"4fac9294ebf0c53587d052d14b951e92bd7cf2f5"}
,"C:\\Users\\LS\\Desktop\\mern\\mern-jobify\\errors\\not-found.js": {"path":"C:\\Users\\LS\\Desktop\\mern\\mern-jobify\\errors\\not-found.js","statementMap":{"0":{"start":{"line":6,"column":4},"end":{"line":6,"column":18}},"1":{"start":{"line":7,"column":4},"end":{"line":7,"column":43}}},"fnMap":{"0":{"name":"(anonymous_0)","decl":{"start":{"line":5,"column":2},"end":{"line":5,"column":3}},"loc":{"start":{"line":5,"column":23},"end":{"line":8,"column":3}},"line":5}},"branchMap":{},"s":{"0":0,"1":0},"f":{"0":0},"b":{},"_coverageSchema":"1a1c01bbd47fc00a2c39e90264f33305004495a9","hash":"ee39999be9fa40443cce562c752bac0eb437a031"}
,"C:\\Users\\LS\\Desktop\\mern\\mern-jobify\\errors\\unauthenticated.js": {"path":"C:\\Users\\LS\\Desktop\\mern\\mern-jobify\\errors\\unauthenticated.js","statementMap":{"0":{"start":{"line":6,"column":4},"end":{"line":6,"column":18}},"1":{"start":{"line":7,"column":4},"end":{"line":7,"column":46}}},"fnMap":{"0":{"name":"(anonymous_0)","decl":{"start":{"line":5,"column":2},"end":{"line":5,"column":3}},"loc":{"start":{"line":5,"column":23},"end":{"line":8,"column":3}},"line":5}},"branchMap":{},"s":{"0":0,"1":0},"f":{"0":0},"b":{},"_coverageSchema":"1a1c01bbd47fc00a2c39e90264f33305004495a9","hash":"25739acd12c1d54765884e88059ef71e826b371e"}
,"C:\\Users\\LS\\Desktop\\mern\\mern-jobify\\middleware\\auth.js": {"path":"C:\\Users\\LS\\Desktop\\mern\\mern-jobify\\middleware\\auth.js","statementMap":{"0":{"start":{"line":4,"column":13},"end":{"line":18,"column":1}},"1":{"start":{"line":5,"column":21},"end":{"line":5,"column":46}},"2":{"start":{"line":6,"column":2},"end":{"line":8,"column":3}},"3":{"start":{"line":7,"column":4},"end":{"line":7,"column":60}},"4":{"start":{"line":9,"column":16},"end":{"line":9,"column":40}},"5":{"start":{"line":10,"column":2},"end":{"line":17,"column":3}},"6":{"start":{"line":11,"column":20},"end":{"line":11,"column":61}},"7":{"start":{"line":12,"column":4},"end":{"line":12,"column":41}},"8":{"start":{"line":14,"column":4},"end":{"line":14,"column":10}},"9":{"start":{"line":16,"column":4},"end":{"line":16,"column":60}}},"fnMap":{"0":{"name":"(anonymous_0)","decl":{"start":{"line":4,"column":13},"end":{"line":4,"column":14}},"loc":{"start":{"line":4,"column":39},"end":{"line":18,"column":1}},"line":4}},"branchMap":{"0":{"loc":{"start":{"line":6,"column":2},"end":{"line":8,"column":3}},"type":"if","locations":[{"start":{"line":6,"column":2},"end":{"line":8,"column":3}},{"start":{},"end":{}}],"line":6},"1":{"loc":{"start":{"line":6,"column":6},"end":{"line":6,"column":53}},"type":"binary-expr","locations":[{"start":{"line":6,"column":6},"end":{"line":6,"column":17}},{"start":{"line":6,"column":21},"end":{"line":6,"column":53}}],"line":6}},"s":{"0":1,"1":0,"2":0,"3":0,"4":0,"5":0,"6":0,"7":0,"8":0,"9":0},"f":{"0":0},"b":{"0":[0,0],"1":[0,0]},"_coverageSchema":"1a1c01bbd47fc00a2c39e90264f33305004495a9","hash":"4a6db6a75c2697a965bddd25f1ea902a566b5a1e"}
,"C:\\Users\\LS\\Desktop\\mern\\mern-jobify\\middleware\\error-handler.js": {"path":"C:\\Users\\LS\\Desktop\\mern\\mern-jobify\\middleware\\error-handler.js","statementMap":{"0":{"start":{"line":3,"column":31},"end":{"line":21,"column":1}},"1":{"start":{"line":4,"column":23},"end":{"line":7,"column":3}},"2":{"start":{"line":8,"column":2},"end":{"line":14,"column":3}},"3":{"start":{"line":9,"column":4},"end":{"line":9,"column":53}},"4":{"start":{"line":11,"column":4},"end":{"line":13,"column":16}},"5":{"start":{"line":12,"column":21},"end":{"line":12,"column":33}},"6":{"start":{"line":15,"column":2},"end":{"line":18,"column":3}},"7":{"start":{"line":16,"column":4},"end":{"line":16,"column":53}},"8":{"start":{"line":17,"column":4},"end":{"line":17,"column":76}},"9":{"start":{"line":20,"column":2},"end":{"line":20,"column":69}}},"fnMap":{"0":{"name":"(anonymous_0)","decl":{"start":{"line":3,"column":31},"end":{"line":3,"column":32}},"loc":{"start":{"line":3,"column":56},"end":{"line":21,"column":1}},"line":3},"1":{"name":"(anonymous_1)","decl":{"start":{"line":12,"column":11},"end":{"line":12,"column":12}},"loc":{"start":{"line":12,"column":21},"end":{"line":12,"column":33}},"line":12}},"branchMap":{"0":{"loc":{"start":{"line":5,"column":16},"end":{"line":5,"column":67}},"type":"binary-expr","locations":[{"start":{"line":5,"column":16},"end":{"line":5,"column":30}},{"start":{"line":5,"column":34},"end":{"line":5,"column":67}}],"line":5},"1":{"loc":{"start":{"line":6,"column":9},"end":{"line":6,"column":63}},"type":"binary-expr","locations":[{"start":{"line":6,"column":9},"end":{"line":6,"column":20}},{"start":{"line":6,"column":24},"end":{"line":6,"column":63}}],"line":6},"2":{"loc":{"start":{"line":8,"column":2},"end":{"line":14,"column":3}},"type":"if","locations":[{"start":{"line":8,"column":2},"end":{"line":14,"column":3}},{"start":{},"end":{}}],"line":8},"3":{"loc":{"start":{"line":15,"column":2},"end":{"line":18,"column":3}},"type":"if","locations":[{"start":{"line":15,"column":2},"end":{"line":18,"column":3}},{"start":{},"end":{}}],"line":15},"4":{"loc":{"start":{"line":15,"column":6},"end":{"line":15,"column":36}},"type":"binary-expr","locations":[{"start":{"line":15,"column":6},"end":{"line":15,"column":14}},{"start":{"line":15,"column":18},"end":{"line":15,"column":36}}],"line":15}},"s":{"0":1,"1":2,"2":2,"3":0,"4":0,"5":0,"6":2,"7":0,"8":0,"9":2},"f":{"0":2,"1":0},"b":{"0":[2,2],"1":[2,0],"2":[0,2],"3":[0,2],"4":[2,0]},"_coverageSchema":"1a1c01bbd47fc00a2c39e90264f33305004495a9","hash":"187296dc81e9c2f6be5190438541ad779cc17887"}
,"C:\\Users\\LS\\Desktop\\mern\\mern-jobify\\middleware\\handle-request.js": {"path":"C:\\Users\\LS\\Desktop\\mern\\mern-jobify\\middleware\\handle-request.js","statementMap":{"0":{"start":{"line":1,"column":29},"end":{"line":11,"column":1}},"1":{"start":{"line":2,"column":24},"end":{"line":2,"column":55}},"2":{"start":{"line":3,"column":4},"end":{"line":6,"column":5}},"3":{"start":{"line":4,"column":8},"end":{"line":4,"column":46}},"4":{"start":{"line":5,"column":8},"end":{"line":5,"column":56}},"5":{"start":{"line":8,"column":4},"end":{"line":8,"column":47}},"6":{"start":{"line":10,"column":4},"end":{"line":10,"column":18}}},"fnMap":{"0":{"name":"(anonymous_0)","decl":{"start":{"line":1,"column":29},"end":{"line":1,"column":30}},"loc":{"start":{"line":1,"column":55},"end":{"line":11,"column":1}},"line":1}},"branchMap":{"0":{"loc":{"start":{"line":3,"column":4},"end":{"line":6,"column":5}},"type":"if","locations":[{"start":{"line":3,"column":4},"end":{"line":6,"column":5}},{"start":{},"end":{}}],"line":3}},"s":{"0":1,"1":2,"2":2,"3":2,"4":2,"5":2,"6":2},"f":{"0":2},"b":{"0":[2,0]},"_coverageSchema":"1a1c01bbd47fc00a2c39e90264f33305004495a9","hash":"0f9571972e75263238b2827b662636216e8099f5"}
,"C:\\Users\\LS\\Desktop\\mern\\mern-jobify\\middleware\\not-found.js": {"path":"C:\\Users\\LS\\Desktop\\mern\\mern-jobify\\middleware\\not-found.js","statementMap":{"0":{"start":{"line":1,"column":27},"end":{"line":2,"column":46}},"1":{"start":{"line":2,"column":2},"end":{"line":2,"column":46}}},"fnMap":{"0":{"name":"(anonymous_0)","decl":{"start":{"line":1,"column":27},"end":{"line":1,"column":28}},"loc":{"start":{"line":2,"column":2},"end":{"line":2,"column":46}},"line":2}},"branchMap":{},"s":{"0":1,"1":0},"f":{"0":0},"b":{},"_coverageSchema":"1a1c01bbd47fc00a2c39e90264f33305004495a9","hash":"5c896acb3048557008a88d7219dc0e4da1cbe5fe"}
,"C:\\Users\\LS\\Desktop\\mern\\mern-jobify\\models\\Job.model.js": {"path":"C:\\Users\\LS\\Desktop\\mern\\mern-jobify\\models\\Job.model.js","statementMap":{"0":{"start":{"line":3,"column":18},"end":{"line":37,"column":1}}},"fnMap":{},"branchMap":{},"s":{"0":1},"f":{},"b":{},"_coverageSchema":"1a1c01bbd47fc00a2c39e90264f33305004495a9","hash":"0c7a58962d8bbfbf0d53a7d89746006b7c62313d"}
,"C:\\Users\\LS\\Desktop\\mern\\mern-jobify\\models\\User.js": {"path":"C:\\Users\\LS\\Desktop\\mern\\mern-jobify\\models\\User.js","statementMap":{"0":{"start":{"line":5,"column":19},"end":{"line":40,"column":2}},"1":{"start":{"line":42,"column":0},"end":{"line":46,"column":2}},"2":{"start":{"line":43,"column":2},"end":{"line":43,"column":42}},"3":{"start":{"line":43,"column":36},"end":{"line":43,"column":42}},"4":{"start":{"line":44,"column":15},"end":{"line":44,"column":39}},"5":{"start":{"line":45,"column":2},"end":{"line":45,"column":56}},"6":{"start":{"line":48,"column":0},"end":{"line":52,"column":1}},"7":{"start":{"line":49,"column":2},"end":{"line":51,"column":4}},"8":{"start":{"line":54,"column":0},"end":{"line":57,"column":1}},"9":{"start":{"line":55,"column":18},"end":{"line":55,"column":72}},"10":{"start":{"line":56,"column":2},"end":{"line":56,"column":16}}},"fnMap":{"0":{"name":"(anonymous_0)","decl":{"start":{"line":42,"column":23},"end":{"line":42,"column":24}},"loc":{"start":{"line":42,"column":41},"end":{"line":46,"column":1}},"line":42},"1":{"name":"(anonymous_1)","decl":{"start":{"line":48,"column":31},"end":{"line":48,"column":32}},"loc":{"start":{"line":48,"column":43},"end":{"line":52,"column":1}},"line":48},"2":{"name":"(anonymous_2)","decl":{"start":{"line":54,"column":37},"end":{"line":54,"column":38}},"loc":{"start":{"line":54,"column":72},"end":{"line":57,"column":1}},"line":54}},"branchMap":{"0":{"loc":{"start":{"line":43,"column":2},"end":{"line":43,"column":42}},"type":"if","locations":[{"start":{"line":43,"column":2},"end":{"line":43,"column":42}},{"start":{},"end":{}}],"line":43}},"s":{"0":1,"1":1,"2":0,"3":0,"4":0,"5":0,"6":1,"7":0,"8":1,"9":0,"10":0},"f":{"0":0,"1":0,"2":0},"b":{"0":[0,0]},"_coverageSchema":"1a1c01bbd47fc00a2c39e90264f33305004495a9","hash":"45080549a07244666356fb6221082e96c1e21d54"}
,"C:\\Users\\LS\\Desktop\\mern\\mern-jobify\\routes\\authRoutes.js": {"path":"C:\\Users\\LS\\Desktop\\mern\\mern-jobify\\routes\\authRoutes.js","statementMap":{"0":{"start":{"line":2,"column":15},"end":{"line":2,"column":31}},"1":{"start":{"line":4,"column":19},"end":{"line":8,"column":2}},"2":{"start":{"line":12,"column":0},"end":{"line":12,"column":56}},"3":{"start":{"line":13,"column":0},"end":{"line":13,"column":50}},"4":{"start":{"line":14,"column":0},"end":{"line":14,"column":67}}},"fnMap":{},"branchMap":{},"s":{"0":1,"1":1,"2":1,"3":1,"4":1},"f":{},"b":{},"_coverageSchema":"1a1c01bbd47fc00a2c39e90264f33305004495a9","hash":"38c9b331f7cc5ed24279c5cdd3c02084110b5864"}
,"C:\\Users\\LS\\Desktop\\mern\\mern-jobify\\routes\\jobsRoutes.js": {"path":"C:\\Users\\LS\\Desktop\\mern\\mern-jobify\\routes\\jobsRoutes.js","statementMap":{"0":{"start":{"line":2,"column":15},"end":{"line":2,"column":31}},"1":{"start":{"line":12,"column":0},"end":{"line":12,"column":49}},"2":{"start":{"line":14,"column":0},"end":{"line":14,"column":37}},"3":{"start":{"line":15,"column":0},"end":{"line":15,"column":55}}},"fnMap":{},"branchMap":{},"s":{"0":1,"1":1,"2":1,"3":1},"f":{},"b":{},"_coverageSchema":"1a1c01bbd47fc00a2c39e90264f33305004495a9","hash":"73ba399372861cb93e5045c05d2710ce6f0f59cf"}
,"C:\\Users\\LS\\Desktop\\mern\\mern-jobify\\utils\\checkPermissions.js": {"path":"C:\\Users\\LS\\Desktop\\mern\\mern-jobify\\utils\\checkPermissions.js","statementMap":{"0":{"start":{"line":3,"column":25},"end":{"line":7,"column":1}},"1":{"start":{"line":4,"column":2},"end":{"line":4,"column":62}},"2":{"start":{"line":4,"column":56},"end":{"line":4,"column":62}},"3":{"start":{"line":6,"column":2},"end":{"line":6,"column":71}}},"fnMap":{"0":{"name":"(anonymous_0)","decl":{"start":{"line":3,"column":25},"end":{"line":3,"column":26}},"loc":{"start":{"line":3,"column":58},"end":{"line":7,"column":1}},"line":3}},"branchMap":{"0":{"loc":{"start":{"line":4,"column":2},"end":{"line":4,"column":62}},"type":"if","locations":[{"start":{"line":4,"column":2},"end":{"line":4,"column":62}},{"start":{},"end":{}}],"line":4}},"s":{"0":1,"1":0,"2":0,"3":0},"f":{"0":0},"b":{"0":[0,0]},"_coverageSchema":"1a1c01bbd47fc00a2c39e90264f33305004495a9","hash":"d06a3d30a2709bcc4f987c6e98c4504502bfcba1"}
}
